PHV ALLOCATION SUCCESSFUL
PHV Allocation
+-----------+-------+-----------------+----------------------------------------------+
|Container  |Gress  |Container Slice  |Field Slice                                   |
+-----------+-------+-----------------+----------------------------------------------+
|B0         |I-HW   |[2:0]            |ingress::ig_intr_md_for_dprsr.drop_ctl        |
|           |       |[3]              |ingress::ig_intr_md_for_tm.bypass_egress      |
|           |       |                 |                                              |
|B1         |I-HW   |[0]              |ingress::hdr.ethernet.$valid                  |
|           |       |[1]              |ingress::hdr.ipv4.$valid                      |
|           |       |                 |                                              |
|...        |       |                 |                                              |
|           |       |                 |                                              |
|H0         |I-HW   |[8:0]            |ingress::ig_intr_md_for_tm.ucast_egress_port  |
|           |       |                 |                                              |
|H1         |I-HW   |                 |ingress::hdr.ethernet.src_addr[47:32]         |
|           |       |                 |                                              |
|H2         |I-HW   |                 |ingress::hdr.ethernet.dst_addr[47:32]         |
|           |       |                 |                                              |
|H3         |I-HW   |                 |ingress::vrf_0                                |
|           |       |                 |                                              |
|...        |       |                 |                                              |
|           |       |                 |                                              |
|W0         |I-HW   |                 |ingress::hdr.ethernet.src_addr[31:0]          |
|           |       |                 |                                              |
|W1         |I-HW   |                 |ingress::hdr.ethernet.dst_addr[31:0]          |
|           |       |                 |                                              |
|W2         |I-HW   |                 |ingress::hdr.ipv4.dst_addr                    |
|           |       |                 |                                              |
|W3         |I-HW   |                 |ingress::hdr.ipv4.src_addr                    |
|           |       |                 |                                              |
|...        |       |                 |                                              |
|           |       |                 |                                              |
|TH0        |I      |                 |ingress::hdr.ethernet.ether_type              |
|           |       |                 |                                              |
|TW0        |I      |[15:0]           |ingress::hdr.ipv4.total_len                   |
|           |       |[23:16]          |ingress::hdr.ipv4.diffserv                    |
|           |       |[27:24]          |ingress::hdr.ipv4.ihl                         |
|           |       |[31:28]          |ingress::hdr.ipv4.version                     |
|           |       |                 |                                              |
|...        |       |                 |                                              |
|           |       |                 |                                              |
|TW1        |I      |[15:0]           |ingress::hdr.ipv4.hdr_checksum                |
|           |       |[23:16]          |ingress::hdr.ipv4.protocol                    |
|           |       |[31:24]          |ingress::hdr.ipv4.ttl                         |
|           |       |                 |                                              |
|...        |       |                 |                                              |
|           |       |                 |                                              |
|TW2        |I      |[12:0]           |ingress::hdr.ipv4.frag_offset                 |
|           |       |[15:13]          |ingress::hdr.ipv4.flags                       |
|           |       |[31:16]          |ingress::hdr.ipv4.identification              |
|           |       |                 |                                              |
|...        |       |                 |                                              |
|           |       |                 |                                              |
+-----------+-------+-----------------+----------------------------------------------+


POV Allocation (ingress):
+-----------+-----------------+------------------------------+
|Container  |Container Slice  |Field Slice                   |
+-----------+-----------------+------------------------------+
|B1         |[0]              |ingress::hdr.ethernet.$valid  |
|           |[1]              |ingress::hdr.ipv4.$valid      |
+-----------+-----------------+------------------------------+
|           |Total Bits Used  |2 / 256 ( 0.781%)             |
|           |Pack Density     |2 / 8 (  25  %)               |
+-----------+-----------------+------------------------------+

+----------------------------------------------+------------+-----------+----------------+-----------------+
|Field Slice                                   |Live Range  |Container  |Container Type  |Container Slice  |
+----------------------------------------------+------------+-----------+----------------+-----------------+
|ingress::hdr.ethernet.dst_addr[47:32]         |[-1r, 2w]   |H2         |H               |                 |
|ingress::hdr.ethernet.dst_addr[31:0]          |[-1r, 2w]   |W1         |W               |                 |
|ingress::hdr.ethernet.src_addr[47:32]         |[-1r, 2w]   |H1         |H               |                 |
|ingress::hdr.ethernet.src_addr[31:0]          |[-1r, 2w]   |W0         |W               |                 |
|ingress::hdr.ethernet.ether_type              |[-1r, 2w]   |TH0        |TH              |                 |
|ingress::hdr.ipv4.version                     |[-1r, 2w]   |TW0        |TW              |[31:28]          |
|ingress::hdr.ipv4.ihl                         |[-1r, 2w]   |TW0        |TW              |[27:24]          |
|ingress::hdr.ipv4.diffserv                    |[-1r, 2w]   |TW0        |TW              |[23:16]          |
|ingress::hdr.ipv4.total_len                   |[-1r, 2w]   |TW0        |TW              |[15:0]           |
|ingress::hdr.ipv4.identification              |[-1r, 2w]   |TW2        |TW              |[31:16]          |
|ingress::hdr.ipv4.flags                       |[-1r, 2w]   |TW2        |TW              |[15:13]          |
|ingress::hdr.ipv4.frag_offset                 |[-1r, 2w]   |TW2        |TW              |[12:0]           |
|ingress::hdr.ipv4.ttl                         |[-1r, 2w]   |TW1        |TW              |[31:24]          |
|ingress::hdr.ipv4.protocol                    |[-1r, 2w]   |TW1        |TW              |[23:16]          |
|ingress::hdr.ipv4.hdr_checksum                |[-1r, 2w]   |TW1        |TW              |[15:0]           |
|ingress::hdr.ipv4.src_addr                    |[-1r, 2w]   |W3         |W               |                 |
|ingress::hdr.ipv4.dst_addr                    |[-1r, 2w]   |W2         |W               |                 |
|ingress::ig_intr_md_for_tm.ucast_egress_port  |[-1r, 2w]   |H0         |H               |[8:0]            |
|ingress::ig_intr_md_for_tm.bypass_egress      |[-1r, 2w]   |B0         |B               |[3]              |
|ingress::ig_intr_md_for_dprsr.drop_ctl        |[-1r, 2w]   |B0         |B               |[2:0]            |
|ingress::vrf_0                                |[-1r, 2w]   |H3         |H               |                 |
|ingress::hdr.ethernet.$valid                  |[-1r, 2w]   |B1         |B               |[0]              |
|ingress::hdr.ipv4.$valid                      |[-1r, 2w]   |B1         |B               |[1]              |
+----------------------------------------------+------------+-----------+----------------+-----------------+





PHV Allocation State

MAU Groups:
+-------------------+-----------------+---------------+----------------------+---------------------+----------------+---------------------------+--------------------------+----------------+
|     MAU Group     | Containers Used |   Bits Used   | Bits Used on Ingress | Bits Used on Egress | Bits Allocated | Bits Allocated on Ingress | Bits Allocated on Egress | Available Bits |
+-------------------+-----------------+---------------+----------------------+---------------------+----------------+---------------------------+--------------------------+----------------+
|       B0-15       |   2 ( 12.5 %)   |  6 ( 4.69 %)  |     6 ( 4.69 %)      |     0 (   0  %)     |  6 ( 4.69 %)   |        6 ( 4.69 %)        |       0 (   0  %)        |      128       |
|      B16-31       |   0 (   0  %)   |  0 (   0  %)  |     0 (   0  %)      |     0 (   0  %)     |  0 (   0  %)   |        0 (   0  %)        |       0 (   0  %)        |      128       |
|      B32-47       |   0 (   0  %)   |  0 (   0  %)  |     0 (   0  %)      |     0 (   0  %)     |  0 (   0  %)   |        0 (   0  %)        |       0 (   0  %)        |      128       |
|      B48-63       |   0 (   0  %)   |  0 (   0  %)  |     0 (   0  %)      |     0 (   0  %)     |  0 (   0  %)   |        0 (   0  %)        |       0 (   0  %)        |      128       |
+-------------------+-----------------+---------------+----------------------+---------------------+----------------+---------------------------+--------------------------+----------------+
|       H0-15       |   4 (  25  %)   | 57 ( 22.3 %)  |     57 ( 22.3 %)     |     0 (   0  %)     |  57 ( 22.3 %)  |       57 ( 22.3 %)        |       0 (   0  %)        |      256       |
|      H16-31       |   0 (   0  %)   |  0 (   0  %)  |     0 (   0  %)      |     0 (   0  %)     |  0 (   0  %)   |        0 (   0  %)        |       0 (   0  %)        |      256       |
|      H32-47       |   0 (   0  %)   |  0 (   0  %)  |     0 (   0  %)      |     0 (   0  %)     |  0 (   0  %)   |        0 (   0  %)        |       0 (   0  %)        |      256       |
|      H48-63       |   0 (   0  %)   |  0 (   0  %)  |     0 (   0  %)      |     0 (   0  %)     |  0 (   0  %)   |        0 (   0  %)        |       0 (   0  %)        |      256       |
|      H64-79       |   0 (   0  %)   |  0 (   0  %)  |     0 (   0  %)      |     0 (   0  %)     |  0 (   0  %)   |        0 (   0  %)        |       0 (   0  %)        |      256       |
|      H80-95       |   0 (   0  %)   |  0 (   0  %)  |     0 (   0  %)      |     0 (   0  %)     |  0 (   0  %)   |        0 (   0  %)        |       0 (   0  %)        |      256       |
+-------------------+-----------------+---------------+----------------------+---------------------+----------------+---------------------------+--------------------------+----------------+
|       W0-15       |   4 (  25  %)   | 128 (  25  %) |    128 (  25  %)     |     0 (   0  %)     | 128 (  25  %)  |       128 (  25  %)       |       0 (   0  %)        |      512       |
|      W16-31       |   0 (   0  %)   |  0 (   0  %)  |     0 (   0  %)      |     0 (   0  %)     |  0 (   0  %)   |        0 (   0  %)        |       0 (   0  %)        |      512       |
|      W32-47       |   0 (   0  %)   |  0 (   0  %)  |     0 (   0  %)      |     0 (   0  %)     |  0 (   0  %)   |        0 (   0  %)        |       0 (   0  %)        |      512       |
|      W48-63       |   0 (   0  %)   |  0 (   0  %)  |     0 (   0  %)      |     0 (   0  %)     |  0 (   0  %)   |        0 (   0  %)        |       0 (   0  %)        |      512       |
+-------------------+-----------------+---------------+----------------------+---------------------+----------------+---------------------------+--------------------------+----------------+
|   Usage for 8b    |   2 ( 3.12 %)   |  6 ( 1.17 %)  |     6 ( 1.17 %)      |     0 (   0  %)     |  6 ( 1.17 %)   |        6 ( 1.17 %)        |       0 (   0  %)        |      512       |
|   Usage for 16b   |   4 ( 4.17 %)   | 57 ( 3.71 %)  |     57 ( 3.71 %)     |     0 (   0  %)     |  57 ( 3.71 %)  |       57 ( 3.71 %)        |       0 (   0  %)        |      1536      |
|   Usage for 32b   |   4 ( 6.25 %)   | 128 ( 6.25 %) |    128 ( 6.25 %)     |     0 (   0  %)     | 128 ( 6.25 %)  |       128 ( 6.25 %)       |       0 (   0  %)        |      2048      |
+-------------------+-----------------+---------------+----------------------+---------------------+----------------+---------------------------+--------------------------+----------------+
| Overall PHV Usage |  10 ( 4.46 %)   | 191 ( 4.66 %) |    191 ( 4.66 %)     |     0 (   0  %)     | 191 ( 4.66 %)  |       191 ( 4.66 %)       |       0 (   0  %)        |      4096      |
+-------------------+-----------------+---------------+----------------------+---------------------+----------------+---------------------------+--------------------------+----------------+


Tagalong Collections:
+------------+-------+--------------------+---------------------+---------------------+---------------+----------------+
|  Collection|  Gress|  8b Containers Used|  16b Containers Used|  32b Containers Used|      Bits Used|  Bits Allocated|
+------------+-------+--------------------+---------------------+---------------------+---------------+----------------+
|           0|      I|         0 (   0  %)|          1 ( 16.7 %)|          3 (  75  %)|  112 ( 43.8 %)|   112 ( 43.8 %)|
|           1|       |         0 (   0  %)|          0 (   0  %)|          0 (   0  %)|    0 (   0  %)|     0 (   0  %)|
|           2|       |         0 (   0  %)|          0 (   0  %)|          0 (   0  %)|    0 (   0  %)|     0 (   0  %)|
|           3|       |         0 (   0  %)|          0 (   0  %)|          0 (   0  %)|    0 (   0  %)|     0 (   0  %)|
|           4|       |         0 (   0  %)|          0 (   0  %)|          0 (   0  %)|    0 (   0  %)|     0 (   0  %)|
|           5|       |         0 (   0  %)|          0 (   0  %)|          0 (   0  %)|    0 (   0  %)|     0 (   0  %)|
|           6|       |         0 (   0  %)|          0 (   0  %)|          0 (   0  %)|    0 (   0  %)|     0 (   0  %)|
|           7|       |         0 (   0  %)|          0 (   0  %)|          0 (   0  %)|    0 (   0  %)|     0 (   0  %)|
+------------+-------+--------------------+---------------------+---------------------+---------------+----------------+
|       Total|       |         0 (   0  %)|          1 ( 2.08 %)|          3 ( 9.38 %)|  112 ( 5.47 %)|   112 ( 5.47 %)|
+------------+-------+--------------------+---------------------+---------------------+---------------+----------------+



